<?xml version="1.0" encoding="UTF-8"?>
<!-- Generated by org.testng.reporters.JUnitXMLReporter -->
<testsuite hostname="AnwarArifa" name="RegSet1" tests="2" failures="2" timestamp="21 Jan 2017 17:03:30 GMT" time="86.706" errors="0">
  <testcase name="testInvalidSearch" time="43.72" classname="Scenario_Component.Scenario_Search">
    <failure type="java.lang.AssertionError" message="The following asserts failed:
null">
      <![CDATA[java.lang.AssertionError: The following asserts failed:
null
	at Scenario_Component.Scenario_Search.testInvalidSearch(Scenario_Search.java:53)
... Removed 25 stack frames]]>
    </failure>
  </testcase> <!-- testInvalidSearch -->
  <testcase name="testInvalidSearch" time="42.635" classname="Scenario_Component.Scenario_Search">
    <failure type="java.lang.AssertionError" message="The following asserts failed:
null, null">
      <![CDATA[java.lang.AssertionError: The following asserts failed:
null, null
	at Scenario_Component.Scenario_Search.testInvalidSearch(Scenario_Search.java:53)
... Removed 25 stack frames]]>
    </failure>
  </testcase> <!-- testInvalidSearch -->
</testsuite> <!-- RegSet1 -->
